Build started 26.10.2010 10:09:51.
     1>Project "Z:\z_kamaj\WINWORD\Syksy2010\C++\Visual C++\Luokan määrittely\Luokan määrittely\Luokan määrittely.vcxproj" on node 2 (build target(s)).
     1>InitializeBuildStatus:
         Creating "Debug\Luokan määrittely.unsuccessfulbuild" because "AlwaysCreate" was specified.
       ClCompile:
         C:\win\Microsoft Visual Studio 10.0\VC\bin\CL.exe /c /ZI /nologo /W3 /WX- /Od /Oy- /D WIN32 /D _DEBUG /D _CONSOLE /D _UNICODE /D UNICODE /Gm /EHsc /RTC1 /MDd /GS /fp:precise /Zc:wchar_t /Zc:forScope /Yc"StdAfx.h" /Fp"Debug\Luokan määrittely.pch" /Fo"Debug\\" /Fd"Debug\vc100.pdb" /Gd /TP /analyze- /errorReport:prompt stdafx.cpp
         stdafx.cpp
         C:\win\Microsoft Visual Studio 10.0\VC\bin\CL.exe /c /ZI /nologo /W3 /WX- /Od /Oy- /D WIN32 /D _DEBUG /D _CONSOLE /D _UNICODE /D UNICODE /Gm /EHsc /RTC1 /MDd /GS /fp:precise /Zc:wchar_t /Zc:forScope /Yu"StdAfx.h" /Fp"Debug\Luokan määrittely.pch" /Fo"Debug\\" /Fd"Debug\vc100.pdb" /Gd /TP /analyze- /errorReport:prompt "Luokan määrittely.cpp" Piste.cpp
         Piste.cpp
         Luokan määrittely.cpp
         Generating Code...
       ManifestResourceCompile:
         C:\Program Files (x86)\Microsoft SDKs\Windows\v7.0A\bin\rc.exe /nologo /fo"Debug\Luokan määrittely.exe.embed.manifest.res" "Debug\Luokan määrittely_manifest.rc" 
       Link:
         C:\win\Microsoft Visual Studio 10.0\VC\bin\link.exe /ERRORREPORT:PROMPT /OUT:"Z:\z_kamaj\WINWORD\Syksy2010\C++\Visual C++\Luokan määrittely\Debug\Luokan määrittely.exe" /INCREMENTAL /NOLOGO kernel32.lib user32.lib gdi32.lib winspool.lib comdlg32.lib advapi32.lib shell32.lib ole32.lib oleaut32.lib uuid.lib odbc32.lib odbccp32.lib /MANIFEST /ManifestFile:"Debug\Luokan määrittely.exe.intermediate.manifest" /MANIFESTUAC:"level='asInvoker' uiAccess='false'" /DEBUG /PDB:"Z:\z_kamaj\WINWORD\Syksy2010\C++\Visual C++\Luokan määrittely\Debug\Luokan määrittely.pdb" /SUBSYSTEM:CONSOLE /TLBID:1 /DYNAMICBASE /NXCOMPAT /IMPLIB:"Z:\z_kamaj\WINWORD\Syksy2010\C++\Visual C++\Luokan määrittely\Debug\Luokan määrittely.lib" /MACHINE:X86 "Debug\Luokan määrittely.exe.embed.manifest.res"
         "Debug\Luokan määrittely.obj"
         Debug\Piste.obj
         Debug\stdafx.obj
         LINK : Z:\z_kamaj\WINWORD\Syksy2010\C++\Visual C++\Luokan määrittely\Debug\Luokan määrittely.exe not found or not built by the last incremental link; performing full link
       Manifest:
         C:\Program Files (x86)\Microsoft SDKs\Windows\v7.0A\bin\mt.exe /nologo /verbose /out:"Debug\Luokan määrittely.exe.embed.manifest" /manifest "Debug\Luokan määrittely.exe.intermediate.manifest"
         C:\Program Files (x86)\Microsoft SDKs\Windows\v7.0A\bin\rc.exe /nologo /fo"Debug\Luokan määrittely.exe.embed.manifest.res" "Debug\Luokan määrittely_manifest.rc" 
       LinkEmbedManifest:
         C:\win\Microsoft Visual Studio 10.0\VC\bin\link.exe /ERRORREPORT:PROMPT /OUT:"Z:\z_kamaj\WINWORD\Syksy2010\C++\Visual C++\Luokan määrittely\Debug\Luokan määrittely.exe" /INCREMENTAL /NOLOGO kernel32.lib user32.lib gdi32.lib winspool.lib comdlg32.lib advapi32.lib shell32.lib ole32.lib oleaut32.lib uuid.lib odbc32.lib odbccp32.lib /MANIFEST /ManifestFile:"Debug\Luokan määrittely.exe.intermediate.manifest" /MANIFESTUAC:"level='asInvoker' uiAccess='false'" /DEBUG /PDB:"Z:\z_kamaj\WINWORD\Syksy2010\C++\Visual C++\Luokan määrittely\Debug\Luokan määrittely.pdb" /SUBSYSTEM:CONSOLE /TLBID:1 /DYNAMICBASE /NXCOMPAT /IMPLIB:"Z:\z_kamaj\WINWORD\Syksy2010\C++\Visual C++\Luokan määrittely\Debug\Luokan määrittely.lib" /MACHINE:X86 "Debug\Luokan määrittely.exe.embed.manifest.res"
         "Debug\Luokan määrittely.obj"
         Debug\Piste.obj
         Debug\stdafx.obj
         Luokan määrittely.vcxproj -> Z:\z_kamaj\WINWORD\Syksy2010\C++\Visual C++\Luokan määrittely\Debug\Luokan määrittely.exe
       FinalizeBuildStatus:
         Deleting file "Debug\Luokan määrittely.unsuccessfulbuild".
         Touching "Debug\Luokan määrittely.lastbuildstate".
     1>Done Building Project "Z:\z_kamaj\WINWORD\Syksy2010\C++\Visual C++\Luokan määrittely\Luokan määrittely\Luokan määrittely.vcxproj" (build target(s)).

Build succeeded.

Time Elapsed 00:00:12.90
