c:\users\kamaj\documents\metropolia\visual c++\merkijonon tulostaminen nurinpäin\merkijonon tulostaminen nurinpäin\debug\merkijonon tulostaminen nurinpäin.pch
c:\users\kamaj\documents\metropolia\visual c++\merkijonon tulostaminen nurinpäin\merkijonon tulostaminen nurinpäin\debug\stdafx.obj
c:\users\kamaj\documents\metropolia\visual c++\merkijonon tulostaminen nurinpäin\merkijonon tulostaminen nurinpäin\debug\vc100.pdb
c:\users\kamaj\documents\metropolia\visual c++\merkijonon tulostaminen nurinpäin\merkijonon tulostaminen nurinpäin\debug\merkijonon tulostaminen nurinpäin.obj
z:\z_kamaj\winword\syksy2010\c-jatkokurssi\visual c++\merkijonon tulostaminen nurinpäin\merkijonon tulostaminen nurinpäin\debug\merkijonon tulostaminen nurinpäin.pch
z:\z_kamaj\winword\syksy2010\c-jatkokurssi\visual c++\merkijonon tulostaminen nurinpäin\merkijonon tulostaminen nurinpäin\debug\stdafx.obj
z:\z_kamaj\winword\syksy2010\c-jatkokurssi\visual c++\merkijonon tulostaminen nurinpäin\merkijonon tulostaminen nurinpäin\debug\vc100.pdb
z:\z_kamaj\winword\syksy2010\c-jatkokurssi\visual c++\merkijonon tulostaminen nurinpäin\merkijonon tulostaminen nurinpäin\debug\merkijonon tulostaminen nurinpäin.obj
c:\users\kamaj\documents\metropolia\visual c++\merkijonon tulostaminen nurinpäin\debug\merkijonon tulostaminen nurinpäin.ilk
c:\users\kamaj\documents\metropolia\visual c++\merkijonon tulostaminen nurinpäin\debug\merkijonon tulostaminen nurinpäin.exe
c:\users\kamaj\documents\metropolia\visual c++\merkijonon tulostaminen nurinpäin\merkijonon tulostaminen nurinpäin\debug\merkijonon tulostaminen nurinpäin.exe.intermediate.manifest
c:\users\kamaj\documents\metropolia\visual c++\merkijonon tulostaminen nurinpäin\debug\merkijonon tulostaminen nurinpäin.pdb
z:\z_kamaj\winword\syksy2010\c-jatkokurssi\visual c++\merkijonon tulostaminen nurinpäin\debug\merkijonon tulostaminen nurinpäin.pdb
c:\users\kamaj\documents\metropolia\visual c++\merkijonon tulostaminen nurinpäin\merkijonon tulostaminen nurinpäin\debug\merkijonon tulostaminen nurinpäin.exe.embed.manifest
c:\users\kamaj\documents\metropolia\visual c++\merkijonon tulostaminen nurinpäin\merkijonon tulostaminen nurinpäin\debug\merkijonon tulostaminen nurinpäin.exe.embed.manifest.res
z:\z_kamaj\winword\syksy2010\c-jatkokurssi\visual c++\merkijonon tulostaminen nurinpäin\merkijonon tulostaminen nurinpäin\debug\merkijonon tulostaminen nurinpäin.exe.embed.manifest.res
c:\users\jaspa\desktop\c-ohjelmointi\merkijonon tulostaminen nurinpäin\merkijonon tulostaminen nurinpäin\debug\merkijonon tulostaminen nurinpäin.obj
c:\users\jaspa\desktop\c-ohjelmointi\merkijonon tulostaminen nurinpäin\merkijonon tulostaminen nurinpäin\debug\stdafx.obj
c:\users\jaspa\desktop\c-ohjelmointi\merkijonon tulostaminen nurinpäin\merkijonon tulostaminen nurinpäin\debug\cl.command.1.tlog
c:\users\jaspa\desktop\c-ohjelmointi\merkijonon tulostaminen nurinpäin\merkijonon tulostaminen nurinpäin\debug\cl.read.1.tlog
c:\users\jaspa\desktop\c-ohjelmointi\merkijonon tulostaminen nurinpäin\merkijonon tulostaminen nurinpäin\debug\cl.write.1.tlog
c:\users\jaspa\desktop\c-ohjelmointi\merkijonon tulostaminen nurinpäin\merkijonon tulostaminen nurinpäin\debug\link-cvtres.read.1.tlog
c:\users\jaspa\desktop\c-ohjelmointi\merkijonon tulostaminen nurinpäin\merkijonon tulostaminen nurinpäin\debug\link-cvtres.write.1.tlog
c:\users\jaspa\desktop\c-ohjelmointi\merkijonon tulostaminen nurinpäin\merkijonon tulostaminen nurinpäin\debug\link.4584-cvtres.read.1.tlog
c:\users\jaspa\desktop\c-ohjelmointi\merkijonon tulostaminen nurinpäin\merkijonon tulostaminen nurinpäin\debug\link.4584-cvtres.write.1.tlog
c:\users\jaspa\desktop\c-ohjelmointi\merkijonon tulostaminen nurinpäin\merkijonon tulostaminen nurinpäin\debug\link.4584.read.1.tlog
c:\users\jaspa\desktop\c-ohjelmointi\merkijonon tulostaminen nurinpäin\merkijonon tulostaminen nurinpäin\debug\link.4584.write.1.tlog
c:\users\jaspa\desktop\c-ohjelmointi\merkijonon tulostaminen nurinpäin\merkijonon tulostaminen nurinpäin\debug\link.command.1.tlog
c:\users\jaspa\desktop\c-ohjelmointi\merkijonon tulostaminen nurinpäin\merkijonon tulostaminen nurinpäin\debug\link.read.1.tlog
c:\users\jaspa\desktop\c-ohjelmointi\merkijonon tulostaminen nurinpäin\merkijonon tulostaminen nurinpäin\debug\link.write.1.tlog
c:\users\jaspa\desktop\c-ohjelmointi\merkijonon tulostaminen nurinpäin\merkijonon tulostaminen nurinpäin\debug\mt.command.1.tlog
c:\users\jaspa\desktop\c-ohjelmointi\merkijonon tulostaminen nurinpäin\merkijonon tulostaminen nurinpäin\debug\mt.read.1.tlog
c:\users\jaspa\desktop\c-ohjelmointi\merkijonon tulostaminen nurinpäin\merkijonon tulostaminen nurinpäin\debug\mt.write.1.tlog
c:\users\jaspa\desktop\c-ohjelmointi\merkijonon tulostaminen nurinpäin\merkijonon tulostaminen nurinpäin\debug\rc.command.1.tlog
c:\users\jaspa\desktop\c-ohjelmointi\merkijonon tulostaminen nurinpäin\merkijonon tulostaminen nurinpäin\debug\rc.read.1.tlog
c:\users\jaspa\desktop\c-ohjelmointi\merkijonon tulostaminen nurinpäin\merkijonon tulostaminen nurinpäin\debug\rc.write.1.tlog
c:\users\jaspa\desktop\c-ohjelmointi\merkijonon tulostaminen nurinpäin\merkijonon tulostaminen nurinpäin\debug\merkijonon tulostaminen nurinpäin.exe.embed.manifest
c:\users\jaspa\desktop\c-ohjelmointi\merkijonon tulostaminen nurinpäin\merkijonon tulostaminen nurinpäin\debug\merkijonon tulostaminen nurinpäin.exe.intermediate.manifest
c:\users\jaspa\desktop\c-ohjelmointi\merkijonon tulostaminen nurinpäin\merkijonon tulostaminen nurinpäin\debug\merkijonon tulostaminen nurinpäin.exe.embed.manifest.res
c:\users\jaspa\desktop\c-ohjelmointi\merkijonon tulostaminen nurinpäin\merkijonon tulostaminen nurinpäin\debug\merkijonon tulostaminen nurinpäin.pch
c:\users\jaspa\desktop\c-ohjelmointi\merkijonon tulostaminen nurinpäin\merkijonon tulostaminen nurinpäin\debug\vc100.idb
c:\users\jaspa\desktop\c-ohjelmointi\merkijonon tulostaminen nurinpäin\merkijonon tulostaminen nurinpäin\debug\vc100.pdb
c:\users\jaspa\desktop\c-ohjelmointi\merkijonon tulostaminen nurinpäin\merkijonon tulostaminen nurinpäin\debug\merkijonon tulostaminen nurinpäin_manifest.rc
c:\users\jaspa\desktop\c-ohjelmointi\merkijonon tulostaminen nurinpäin\debug\merkijonon tulostaminen nurinpäin.pdb
c:\users\jaspa\desktop\c-ohjelmointi\merkijonon tulostaminen nurinpäin\debug\merkijonon tulostaminen nurinpäin.exe
c:\users\jaspa\desktop\c-ohjelmointi\merkijonon tulostaminen nurinpäin\debug\merkijonon tulostaminen nurinpäin.ilk
